<?xml version="1.0" encoding="UTF-8"?>
<testng-results ignored="0" total="1" passed="1" failed="0" skipped="0">
  <reporter-output>
  </reporter-output>
  <suite started-at="2021-02-07T10:32:40 IST" name="Default suite" finished-at="2021-02-07T10:34:57 IST" duration-ms="136852">
    <groups>
    </groups>
    <test started-at="2021-02-07T10:32:40 IST" name="Default test" finished-at="2021-02-07T10:34:57 IST" duration-ms="136852">
      <class name="walletHubTest.AssignmentTest">
        <test-method is-config="true" signature="beforeSuite()[pri:0, instance:walletHubTest.AssignmentTest@5403f35f]" started-at="2021-02-07T10:32:31 IST" name="beforeSuite" finished-at="2021-02-07T10:32:40 IST" duration-ms="9459" status="PASS">
          <reporter-output>
          </reporter-output>
        </test-method> <!-- beforeSuite -->
        <test-method signature="Assignment1(java.lang.String)[pri:0, instance:walletHubTest.AssignmentTest@5403f35f]" started-at="2021-02-07T10:32:40 IST" name="Assignment1" data-provider="FaceBookData" finished-at="2021-02-07T10:34:57 IST" duration-ms="136736" status="PASS">
          <params>
            <param index="0">
              <value>
                <![CDATA[Hello World]]>
              </value>
            </param>
          </params>
          <reporter-output>
          </reporter-output>
        </test-method> <!-- Assignment1 -->
        <test-method is-config="true" signature="afterSuite()[pri:0, instance:walletHubTest.AssignmentTest@5403f35f]" started-at="2021-02-07T10:34:57 IST" name="afterSuite" finished-at="2021-02-07T10:34:59 IST" duration-ms="1420" status="PASS">
          <reporter-output>
          </reporter-output>
        </test-method> <!-- afterSuite -->
      </class> <!-- walletHubTest.AssignmentTest -->
    </test> <!-- Default test -->
  </suite> <!-- Default suite -->
</testng-results>
